train : 925206	eval : 396518
Namespace(anno_file='/home/faceu/68keypoints/anno_store/onet/train_anno_48.txt', batch_size=64, end_epoch=20, eval_file='/home/faceu/68keypoints/anno_store/onet/eval_anno_48.txt', factors=[0.2, 1, 8], frequent=3000, imgsize=48, lr=0.001, model_path='model/onet_v3', prefix_path='', use_cuda=True, use_lmkinfo=True)
Epoch: 1|20, bid: 3000, acc: 0.9203, cls_loss: 0.1961, bbox_loss: 0.0177, lmk_loss: 0.0075, all_loss: 0.1165
Epoch: 1|20, bid: 6000, acc: 0.9373, cls_loss: 0.1595, bbox_loss: 0.0164, lmk_loss: 0.0057, all_loss: 0.0936
Epoch: 1|20, bid: 9000, acc: 0.9443, cls_loss: 0.1434, bbox_loss: 0.0157, lmk_loss: 0.0049, all_loss: 0.0835
Epoch: 1|20, bid: 12000, acc: 0.9488, cls_loss: 0.1333, bbox_loss: 0.0152, lmk_loss: 0.0044, all_loss: 0.0774
Eval result acc: 0.9647, cls_loss: 0.1017, bbox_loss: 0.0135, lmk_loss: 0.0026, all_loss: 0.0550
Epoch: 2|20, bid: 3000, acc: 0.9671, cls_loss: 0.0919, bbox_loss: 0.0129, lmk_loss: 0.0025, all_loss: 0.0514
Epoch: 2|20, bid: 6000, acc: 0.9674, cls_loss: 0.0904, bbox_loss: 0.0127, lmk_loss: 0.0025, all_loss: 0.0506
Epoch: 2|20, bid: 9000, acc: 0.9681, cls_loss: 0.0884, bbox_loss: 0.0127, lmk_loss: 0.0024, all_loss: 0.0495
Epoch: 2|20, bid: 12000, acc: 0.9684, cls_loss: 0.0880, bbox_loss: 0.0126, lmk_loss: 0.0024, all_loss: 0.0493
Eval result acc: 0.9715, cls_loss: 0.0812, bbox_loss: 0.0123, lmk_loss: 0.0021, all_loss: 0.0456
Epoch: 3|20, bid: 3000, acc: 0.9700, cls_loss: 0.0843, bbox_loss: 0.0125, lmk_loss: 0.0022, all_loss: 0.0473
Epoch: 3|20, bid: 6000, acc: 0.9707, cls_loss: 0.0822, bbox_loss: 0.0123, lmk_loss: 0.0022, all_loss: 0.0467
Epoch: 3|20, bid: 9000, acc: 0.9714, cls_loss: 0.0803, bbox_loss: 0.0122, lmk_loss: 0.0022, all_loss: 0.0457
Epoch: 3|20, bid: 12000, acc: 0.9717, cls_loss: 0.0798, bbox_loss: 0.0121, lmk_loss: 0.0022, all_loss: 0.0454
Eval result acc: 0.9727, cls_loss: 0.0784, bbox_loss: 0.0120, lmk_loss: 0.0020, all_loss: 0.0435
Epoch: 4|20, bid: 3000, acc: 0.9742, cls_loss: 0.0748, bbox_loss: 0.0117, lmk_loss: 0.0019, all_loss: 0.0421
Epoch: 4|20, bid: 6000, acc: 0.9745, cls_loss: 0.0735, bbox_loss: 0.0117, lmk_loss: 0.0019, all_loss: 0.0418
Epoch: 4|20, bid: 9000, acc: 0.9746, cls_loss: 0.0728, bbox_loss: 0.0117, lmk_loss: 0.0019, all_loss: 0.0415
Epoch: 4|20, bid: 12000, acc: 0.9745, cls_loss: 0.0728, bbox_loss: 0.0117, lmk_loss: 0.0019, all_loss: 0.0416
Eval result acc: 0.9758, cls_loss: 0.0697, bbox_loss: 0.0118, lmk_loss: 0.0020, all_loss: 0.0418
Epoch: 5|20, bid: 3000, acc: 0.9698, cls_loss: 0.0861, bbox_loss: 0.0133, lmk_loss: 0.0022, all_loss: 0.0482
Epoch: 5|20, bid: 6000, acc: 0.9718, cls_loss: 0.0800, bbox_loss: 0.0126, lmk_loss: 0.0021, all_loss: 0.0450
Epoch: 5|20, bid: 9000, acc: 0.9730, cls_loss: 0.0769, bbox_loss: 0.0122, lmk_loss: 0.0020, all_loss: 0.0437
Epoch: 5|20, bid: 12000, acc: 0.9737, cls_loss: 0.0748, bbox_loss: 0.0120, lmk_loss: 0.0020, all_loss: 0.0428
Eval result acc: 0.9562, cls_loss: 0.1110, bbox_loss: 0.0150, lmk_loss: 0.0033, all_loss: 0.0640
Epoch: 6|20, bid: 3000, acc: 0.9730, cls_loss: 0.0770, bbox_loss: 0.0124, lmk_loss: 0.0021, all_loss: 0.0449
Epoch: 6|20, bid: 6000, acc: 0.9739, cls_loss: 0.0742, bbox_loss: 0.0120, lmk_loss: 0.0021, all_loss: 0.0433
Epoch: 6|20, bid: 9000, acc: 0.9748, cls_loss: 0.0720, bbox_loss: 0.0118, lmk_loss: 0.0020, all_loss: 0.0421
Epoch: 6|20, bid: 12000, acc: 0.9750, cls_loss: 0.0714, bbox_loss: 0.0118, lmk_loss: 0.0020, all_loss: 0.0419
Eval result acc: 0.9752, cls_loss: 0.0680, bbox_loss: 0.0114, lmk_loss: 0.0019, all_loss: 0.0399
Epoch: 7|20, bid: 3000, acc: 0.9780, cls_loss: 0.0638, bbox_loss: 0.0112, lmk_loss: 0.0018, all_loss: 0.0385
Epoch: 7|20, bid: 6000, acc: 0.9772, cls_loss: 0.0656, bbox_loss: 0.0113, lmk_loss: 0.0018, all_loss: 0.0391
Epoch: 7|20, bid: 9000, acc: 0.9771, cls_loss: 0.0661, bbox_loss: 0.0113, lmk_loss: 0.0018, all_loss: 0.0392
Epoch: 7|20, bid: 12000, acc: 0.9751, cls_loss: 0.0712, bbox_loss: 0.0125, lmk_loss: 0.0020, all_loss: 0.0427
Eval result acc: 0.9726, cls_loss: 0.0761, bbox_loss: 0.0121, lmk_loss: 0.0020, all_loss: 0.0431
Epoch: 8|20, bid: 3000, acc: 0.9774, cls_loss: 0.0663, bbox_loss: 0.0114, lmk_loss: 0.0018, all_loss: 0.0393
Epoch: 8|20, bid: 6000, acc: 0.9776, cls_loss: 0.0653, bbox_loss: 0.0113, lmk_loss: 0.0018, all_loss: 0.0389
Epoch: 8|20, bid: 9000, acc: 0.9777, cls_loss: 0.0648, bbox_loss: 0.0113, lmk_loss: 0.0018, all_loss: 0.0390
Epoch: 8|20, bid: 12000, acc: 0.9777, cls_loss: 0.0646, bbox_loss: 0.0113, lmk_loss: 0.0019, all_loss: 0.0392
Eval result acc: 0.9784, cls_loss: 0.0627, bbox_loss: 0.0114, lmk_loss: 0.0019, all_loss: 0.0388
Epoch: 9|20, bid: 3000, acc: 0.9790, cls_loss: 0.0621, bbox_loss: 0.0111, lmk_loss: 0.0017, all_loss: 0.0373
Epoch: 9|20, bid: 6000, acc: 0.9791, cls_loss: 0.0614, bbox_loss: 0.0111, lmk_loss: 0.0017, all_loss: 0.0371
Epoch: 9|20, bid: 9000, acc: 0.9787, cls_loss: 0.0619, bbox_loss: 0.0111, lmk_loss: 0.0017, all_loss: 0.0373
Epoch: 9|20, bid: 12000, acc: 0.9787, cls_loss: 0.0620, bbox_loss: 0.0111, lmk_loss: 0.0017, all_loss: 0.0374
Eval result acc: 0.9764, cls_loss: 0.0714, bbox_loss: 0.0124, lmk_loss: 0.0022, all_loss: 0.0442
Epoch: 10|20, bid: 3000, acc: 0.9798, cls_loss: 0.0584, bbox_loss: 0.0110, lmk_loss: 0.0018, all_loss: 0.0370
Epoch: 10|20, bid: 6000, acc: 0.9795, cls_loss: 0.0594, bbox_loss: 0.0110, lmk_loss: 0.0018, all_loss: 0.0369
Epoch: 10|20, bid: 9000, acc: 0.9793, cls_loss: 0.0601, bbox_loss: 0.0110, lmk_loss: 0.0018, all_loss: 0.0371
Epoch: 10|20, bid: 12000, acc: 0.9791, cls_loss: 0.0605, bbox_loss: 0.0110, lmk_loss: 0.0018, all_loss: 0.0371
Eval result acc: 0.9793, cls_loss: 0.0609, bbox_loss: 0.0110, lmk_loss: 0.0016, all_loss: 0.0361
Epoch: 11|20, bid: 3000, acc: 0.9806, cls_loss: 0.0574, bbox_loss: 0.0109, lmk_loss: 0.0017, all_loss: 0.0362
Epoch: 11|20, bid: 6000, acc: 0.9798, cls_loss: 0.0585, bbox_loss: 0.0110, lmk_loss: 0.0017, all_loss: 0.0365
Epoch: 11|20, bid: 9000, acc: 0.9798, cls_loss: 0.0585, bbox_loss: 0.0110, lmk_loss: 0.0017, all_loss: 0.0365
Epoch: 11|20, bid: 12000, acc: 0.9795, cls_loss: 0.0591, bbox_loss: 0.0110, lmk_loss: 0.0017, all_loss: 0.0367
Eval result acc: 0.9776, cls_loss: 0.0643, bbox_loss: 0.0110, lmk_loss: 0.0018, all_loss: 0.0381
Epoch: 12|20, bid: 3000, acc: 0.9806, cls_loss: 0.0573, bbox_loss: 0.0109, lmk_loss: 0.0017, all_loss: 0.0361
Epoch: 12|20, bid: 6000, acc: 0.9802, cls_loss: 0.0580, bbox_loss: 0.0109, lmk_loss: 0.0017, all_loss: 0.0362
Epoch: 12|20, bid: 9000, acc: 0.9790, cls_loss: 0.0612, bbox_loss: 0.3266, lmk_loss: 0.0018, all_loss: 0.3533
Epoch: 12|20, bid: 12000, acc: 0.9693, cls_loss: 0.0860, bbox_loss: 0.2501, lmk_loss: 0.0028, all_loss: 0.2900
Eval result acc: 0.9610, cls_loss: 0.1049, bbox_loss: 0.0153, lmk_loss: 0.0035, all_loss: 0.0642
Epoch: 13|20, bid: 3000, acc: 0.9639, cls_loss: 0.0999, bbox_loss: 0.0143, lmk_loss: 0.0031, all_loss: 0.0589
Epoch: 13|20, bid: 6000, acc: 0.9279, cls_loss: 0.1782, bbox_loss: 0.0152, lmk_loss: 0.0055, all_loss: 0.0951
Epoch: 13|20, bid: 9000, acc: 0.9093, cls_loss: 0.2180, bbox_loss: 0.0169, lmk_loss: 0.0076, all_loss: 0.1210
Epoch: 13|20, bid: 12000, acc: 0.9161, cls_loss: 0.2039, bbox_loss: 0.0171, lmk_loss: 0.0074, all_loss: 0.1174
Eval result acc: 0.9565, cls_loss: 0.1169, bbox_loss: 0.0161, lmk_loss: 0.0052, all_loss: 0.0808
Epoch: 14|20, bid: 3000, acc: 0.9487, cls_loss: 0.1364, bbox_loss: 0.0168, lmk_loss: 0.0057, all_loss: 0.0898
Epoch: 14|20, bid: 6000, acc: 0.9417, cls_loss: 0.1536, bbox_loss: 0.0179, lmk_loss: 0.0078, all_loss: 0.1110
Epoch: 14|20, bid: 9000, acc: 0.9371, cls_loss: 0.1623, bbox_loss: 0.0181, lmk_loss: 0.0080, all_loss: 0.1148
Epoch: 14|20, bid: 12000, acc: 0.9293, cls_loss: 0.1808, bbox_loss: 0.0186, lmk_loss: 0.0088, all_loss: 0.1253
Eval result acc: 0.7499, cls_loss: 0.4838, bbox_loss: 0.0320, lmk_loss: 0.1005, all_loss: 0.9328
Epoch: 15|20, bid: 3000, acc: 0.8758, cls_loss: 0.3807, bbox_loss: 0.0337, lmk_loss: 0.0214, all_loss: 0.2807
Epoch: 15|20, bid: 6000, acc: 0.8635, cls_loss: 0.3530, bbox_loss: 0.0271, lmk_loss: 0.0161, all_loss: 0.2262
Epoch: 15|20, bid: 9000, acc: 0.8586, cls_loss: 0.3592, bbox_loss: 0.0289, lmk_loss: 0.0174, all_loss: 0.2398
Epoch: 15|20, bid: 12000, acc: 0.8606, cls_loss: 0.3482, bbox_loss: 0.0274, lmk_loss: 0.0164, all_loss: 0.2282
Eval result acc: 0.8423, cls_loss: 0.3843, bbox_loss: 0.0212, lmk_loss: 0.0127, all_loss: 0.1995
Epoch: 16|20, bid: 3000, acc: 0.8349, cls_loss: 0.4573, bbox_loss: 0.0582, lmk_loss: 0.0570, all_loss: 0.6053
Epoch: 16|20, bid: 6000, acc: 0.8492, cls_loss: 0.3897, bbox_loss: 0.0396, lmk_loss: 0.0339, all_loss: 0.3889
Epoch: 16|20, bid: 9000, acc: 0.8520, cls_loss: 0.3880, bbox_loss: 0.0357, lmk_loss: 0.0278, all_loss: 0.3358
Epoch: 16|20, bid: 12000, acc: 0.8423, cls_loss: 0.3952, bbox_loss: 0.0323, lmk_loss: 0.0251, all_loss: 0.3120
Eval result acc: 0.7498, cls_loss: 0.5566, bbox_loss: 0.0203, lmk_loss: 0.0151, all_loss: 0.2528
Epoch: 17|20, bid: 3000, acc: 0.7867, cls_loss: 0.4817, bbox_loss: 0.0281, lmk_loss: 0.0258, all_loss: 0.3309
Epoch: 17|20, bid: 6000, acc: 0.8253, cls_loss: 0.4039, bbox_loss: 0.0265, lmk_loss: 0.0223, all_loss: 0.2857
Epoch: 17|20, bid: 9000, acc: 0.8351, cls_loss: 0.3957, bbox_loss: 0.0269, lmk_loss: 0.0258, all_loss: 0.3125
Epoch: 17|20, bid: 12000, acc: 0.8169, cls_loss: 0.4458, bbox_loss: 0.0361, lmk_loss: 0.0363, all_loss: 0.4158
Eval result acc: 0.8666, cls_loss: 0.2966, bbox_loss: 0.0202, lmk_loss: 0.0147, all_loss: 0.1967
Epoch: 18|20, bid: 3000, acc: 0.8920, cls_loss: 0.2654, bbox_loss: 0.0204, lmk_loss: 0.0103, all_loss: 0.1560
Epoch: 18|20, bid: 6000, acc: 0.8639, cls_loss: 0.3511, bbox_loss: 0.0406, lmk_loss: 0.0304, all_loss: 0.3538
Epoch: 18|20, bid: 9000, acc: 0.8579, cls_loss: 0.3666, bbox_loss: 0.0366, lmk_loss: 0.0274, all_loss: 0.3293
Epoch: 18|20, bid: 12000, acc: 0.8367, cls_loss: 0.4386, bbox_loss: 0.0647, lmk_loss: 0.0589, all_loss: 0.6234
Eval result acc: 0.7491, cls_loss: 0.5410, bbox_loss: 0.0217, lmk_loss: 0.0158, all_loss: 0.2561
Epoch: 19|20, bid: 3000, acc: 0.8000, cls_loss: 0.5616, bbox_loss: 0.0470, lmk_loss: 0.0813, all_loss: 0.8101
Epoch: 19|20, bid: 6000, acc: 0.8177, cls_loss: 0.4519, bbox_loss: 0.0338, lmk_loss: 0.0469, all_loss: 0.4995
Epoch: 19|20, bid: 9000, acc: 0.8243, cls_loss: 0.4369, bbox_loss: 0.0340, lmk_loss: 0.0425, all_loss: 0.4614
Epoch: 19|20, bid: 12000, acc: 0.8408, cls_loss: 0.3926, bbox_loss: 0.0305, lmk_loss: 0.0343, all_loss: 0.3833
Eval result acc: 0.7503, cls_loss: 0.5506, bbox_loss: 0.0203, lmk_loss: 0.0154, all_loss: 0.2532
Epoch: 20|20, bid: 3000, acc: 0.8030, cls_loss: 0.4936, bbox_loss: 0.0821, lmk_loss: 0.0620, all_loss: 0.6767
Epoch: 20|20, bid: 6000, acc: 0.7922, cls_loss: 0.4874, bbox_loss: 0.0520, lmk_loss: 0.0397, all_loss: 0.4670
Epoch: 20|20, bid: 9000, acc: 0.8011, cls_loss: 0.4765, bbox_loss: 0.0474, lmk_loss: 0.0547, all_loss: 0.5802
Epoch: 20|20, bid: 12000, acc: 0.8247, cls_loss: 0.4209, bbox_loss: 0.0406, lmk_loss: 0.0436, all_loss: 0.4733
Eval result acc: 0.7499, cls_loss: 0.5687, bbox_loss: 0.0205, lmk_loss: 0.0152, all_loss: 0.2558
